c:\users\user\desktop\project32_vs2015\debug\project.ilk
c:\users\user\desktop\project32_vs2015\debug\project.exe
c:\users\user\desktop\project32_vs2015\debug\project.pdb
c:\users\user\desktop\project32_vs2015\debug\addtwo.obj
c:\users\user\desktop\project32_vs2015\debug\main.obj
c:\users\user\desktop\project32_vs2015\debug\shape.obj
c:\users\user\desktop\project32_vs2015\debug\crtanje.obj
c:\users\user\desktop\project32_vs2015\debug\test.obj
c:\users\user\desktop\project32_vs2015\debug\project.tlog\link-cvtres.read.1.tlog
c:\users\user\desktop\project32_vs2015\debug\project.tlog\link-cvtres.write.1.tlog
c:\users\user\desktop\project32_vs2015\debug\project.tlog\link-rc.read.1.tlog
c:\users\user\desktop\project32_vs2015\debug\project.tlog\link-rc.write.1.tlog
c:\users\user\desktop\project32_vs2015\debug\project.tlog\link.3312-cvtres.read.1.tlog
c:\users\user\desktop\project32_vs2015\debug\project.tlog\link.3312-cvtres.write.1.tlog
c:\users\user\desktop\project32_vs2015\debug\project.tlog\link.3312-rc.read.1.tlog
c:\users\user\desktop\project32_vs2015\debug\project.tlog\link.3312-rc.write.1.tlog
c:\users\user\desktop\project32_vs2015\debug\project.tlog\link.3312.read.1.tlog
c:\users\user\desktop\project32_vs2015\debug\project.tlog\link.3312.write.1.tlog
c:\users\user\desktop\project32_vs2015\debug\project.tlog\link.command.1.tlog
c:\users\user\desktop\project32_vs2015\debug\project.tlog\link.read.1.tlog
c:\users\user\desktop\project32_vs2015\debug\project.tlog\link.write.1.tlog
c:\users\user\desktop\project32_vs2015\debug\project.tlog\project.write.1u.tlog
